<?xml version="1.0" encoding="UTF-8"?>
<!-- Generated by org.testng.reporters.JUnitReportReporter -->
<testsuite hostname="DESKTOP-ORFPBU2" failures="0" tests="1" name="test.LoginTest" time="6.489" errors="0" timestamp="26 Feb 2023 01:37:39 GMT" skipped="0">
  <testcase classname="test.LoginTest" name="validUserShouldBeAbleToLogin" time="6.489"/>
</testsuite> <!-- test.LoginTest -->
