<?xml version="1.0" encoding="UTF-8"?>
<!-- Generated by org.testng.reporters.JUnitReportReporter -->
<testsuite hostname="DESKTOP-ORFPBU2" failures="0" tests="1" name="test.ListCustomerTest" time="16.363" errors="0" timestamp="26 Feb 2023 01:37:39 GMT" skipped="0">
  <testcase classname="test.ListCustomerTest" name="userShouldBeAbleToAddCustomerFromListCustomer" time="16.363"/>
</testsuite> <!-- test.ListCustomerTest -->
